<?xml version="1.0" encoding="UTF-8"?>
<!-- Generated by org.testng.reporters.JUnitReportReporter -->
<testsuite skipped="0" hostname="LIKKI" name="utils.ExcelUtilsTest" tests="1" failures="0" timestamp="2022-02-21T11:43:32 IST" time="1.032" errors="0">
  <testcase name="getdata" time="1.032" classname="utils.ExcelUtilsTest"/>
  <system-out>
    <![CDATA[============================================================================
DAILY STATUS REPORT OF TEST CASES
============================================================================
Number of test cases excecuted         : 16
Number of test cases passed          : 9
Number of test cases failed           : 7
Number of test cases to be executed      : 6
============================================================================
Total No of test cases               : 22
============================================================================
% of total test cases excecuted :73.0%
% of total test cases passed         :41.0%
% of total test cases failed :32.0%
% of total test cases To be Executed :27.0%
=============================================================================
-------------------------------THANK YOU------------------------------------- 
=============================================================================]]>
  </system-out>
</testsuite> <!-- utils.ExcelUtilsTest -->
