<?xml version="1.0" encoding="UTF-8"?>
<!-- Generated by org.testng.reporters.JUnitReportReporter -->
<testsuite skipped="0" hostname="LIKKI" name="utils.Defectstest" tests="1" failures="0" timestamp="2022-02-21T11:43:32 IST" time="0.310" errors="0">
  <testcase name="getdata" time="0.310" classname="utils.Defectstest"/>
  <system-out>
    <![CDATA[============================================
DAILY STATUS REPORT OF DEFECTS
============================================
Number of critical defects found:3
Number of High defects found    :4
Number of Medium defects found  :2
Number of Low defects found     :6
Number of  defects Retested     :3
Number of  defects  Closed      :2
============================================
Total No of  Active Defects     :18
============================================
---------------THANK YOU-------------------- 
============================================]]>
  </system-out>
</testsuite> <!-- utils.Defectstest -->
