<?xml version="1.0" encoding="UTF-8"?>
<!-- Generated by org.testng.reporters.JUnitReportReporter -->
<testsuite skipped="0" hostname="LIKKI" name="utils.Defectstest" tests="1" failures="0" timestamp="12 Jul 2021 06:20:27 GMT" time="0.106" errors="0">
  <testcase name="getdata" time="0.106" classname="utils.Defectstest"/>
</testsuite> <!-- utils.Defectstest -->
