<?xml version="1.0" encoding="UTF-8"?>
<!-- Generated by org.testng.reporters.JUnitReportReporter -->
<testsuite skipped="0" hostname="LIKKI" name="utils.ExcelUtilsTest" tests="1" failures="0" timestamp="12 Jul 2021 06:20:27 GMT" time="1.173" errors="0">
  <testcase name="getdata" time="1.173" classname="utils.ExcelUtilsTest"/>
</testsuite> <!-- utils.ExcelUtilsTest -->
